<?xml version="1.0" encoding="UTF-8"?>
<testsuite xmlns:xsi="http://www.w3.org/2001/XMLSchema-instance" xsi:noNamespaceSchemaLocation="https://maven.apache.org/surefire/maven-surefire-plugin/xsd/surefire-test-report.xsd" name="org.mlb.NetworkTool.AppTest" time="0.036" tests="1" errors="0" skipped="0" failures="0">
  <properties>
    <property name="java.specification.version" value="13"/>
    <property name="sun.cpu.isalist" value="amd64"/>
    <property name="sun.jnu.encoding" value="Cp1252"/>
    <property name="java.class.path" value="C:\Users\MathiasLerkenfeltBru\OneDrive - ME Production\Privat\Projects\NetworkTool\target\test-classes;C:\Users\MathiasLerkenfeltBru\OneDrive - ME Production\Privat\Projects\NetworkTool\target\classes;C:\Users\MathiasLerkenfeltBru\.m2\repository\junit\junit\4.11\junit-4.11.jar;C:\Users\MathiasLerkenfeltBru\.m2\repository\org\hamcrest\hamcrest-core\1.3\hamcrest-core-1.3.jar;C:\Users\MathiasLerkenfeltBru\.m2\repository\org\openjfx\javafx-controls\13\javafx-controls-13.jar;C:\Users\MathiasLerkenfeltBru\.m2\repository\org\openjfx\javafx-controls\13\javafx-controls-13-win.jar;C:\Users\MathiasLerkenfeltBru\.m2\repository\org\openjfx\javafx-graphics\13\javafx-graphics-13.jar;C:\Users\MathiasLerkenfeltBru\.m2\repository\org\openjfx\javafx-graphics\13\javafx-graphics-13-win.jar;C:\Users\MathiasLerkenfeltBru\.m2\repository\org\openjfx\javafx-base\13\javafx-base-13.jar;C:\Users\MathiasLerkenfeltBru\.m2\repository\org\openjfx\javafx-base\13\javafx-base-13-win.jar;C:\Users\MathiasLerkenfeltBru\.m2\repository\org\openjfx\javafx-fxml\13\javafx-fxml-13.jar;C:\Users\MathiasLerkenfeltBru\.m2\repository\org\openjfx\javafx-fxml\13\javafx-fxml-13-win.jar;"/>
    <property name="java.vm.vendor" value="Oracle Corporation"/>
    <property name="sun.arch.data.model" value="64"/>
    <property name="user.variant" value=""/>
    <property name="java.vendor.url" value="https://java.oracle.com/"/>
    <property name="user.timezone" value="Europe/Bucharest"/>
    <property name="user.country.format" value="DK"/>
    <property name="os.name" value="Windows 10"/>
    <property name="java.vm.specification.version" value="13"/>
    <property name="sun.java.launcher" value="SUN_STANDARD"/>
    <property name="user.country" value="US"/>
    <property name="sun.boot.library.path" value="C:\Users\MathiasLerkenfeltBru\Documents\jdk-13.0.2\bin"/>
    <property name="sun.java.command" value="C:\Users\MATHIA~1\AppData\Local\Temp\surefire7221392872439553146\surefirebooter11121404780319387031.jar C:\Users\MathiasLerkenfeltBru\AppData\Local\Temp\surefire7221392872439553146 2020-05-26T21-43-17_466-jvmRun1 surefire2192849879534284130tmp surefire_016720498893591249922tmp"/>
    <property name="jdk.debug" value="release"/>
    <property name="surefire.test.class.path" value="C:\Users\MathiasLerkenfeltBru\OneDrive - ME Production\Privat\Projects\NetworkTool\target\test-classes;C:\Users\MathiasLerkenfeltBru\OneDrive - ME Production\Privat\Projects\NetworkTool\target\classes;C:\Users\MathiasLerkenfeltBru\.m2\repository\junit\junit\4.11\junit-4.11.jar;C:\Users\MathiasLerkenfeltBru\.m2\repository\org\hamcrest\hamcrest-core\1.3\hamcrest-core-1.3.jar;C:\Users\MathiasLerkenfeltBru\.m2\repository\org\openjfx\javafx-controls\13\javafx-controls-13.jar;C:\Users\MathiasLerkenfeltBru\.m2\repository\org\openjfx\javafx-controls\13\javafx-controls-13-win.jar;C:\Users\MathiasLerkenfeltBru\.m2\repository\org\openjfx\javafx-graphics\13\javafx-graphics-13.jar;C:\Users\MathiasLerkenfeltBru\.m2\repository\org\openjfx\javafx-graphics\13\javafx-graphics-13-win.jar;C:\Users\MathiasLerkenfeltBru\.m2\repository\org\openjfx\javafx-base\13\javafx-base-13.jar;C:\Users\MathiasLerkenfeltBru\.m2\repository\org\openjfx\javafx-base\13\javafx-base-13-win.jar;C:\Users\MathiasLerkenfeltBru\.m2\repository\org\openjfx\javafx-fxml\13\javafx-fxml-13.jar;C:\Users\MathiasLerkenfeltBru\.m2\repository\org\openjfx\javafx-fxml\13\javafx-fxml-13-win.jar;"/>
    <property name="sun.cpu.endian" value="little"/>
    <property name="user.home" value="C:\Users\MathiasLerkenfeltBru"/>
    <property name="user.language" value="en"/>
    <property name="java.specification.vendor" value="Oracle Corporation"/>
    <property name="java.version.date" value="2020-01-14"/>
    <property name="java.home" value="C:\Users\MathiasLerkenfeltBru\Documents\jdk-13.0.2"/>
    <property name="file.separator" value="\"/>
    <property name="basedir" value="C:\Users\MathiasLerkenfeltBru\OneDrive - ME Production\Privat\Projects\NetworkTool"/>
    <property name="java.vm.compressedOopsMode" value="Zero based"/>
    <property name="line.separator" value="&#10;"/>
    <property name="java.vm.specification.vendor" value="Oracle Corporation"/>
    <property name="java.specification.name" value="Java Platform API Specification"/>
    <property name="surefire.real.class.path" value="C:\Users\MATHIA~1\AppData\Local\Temp\surefire7221392872439553146\surefirebooter11121404780319387031.jar"/>
    <property name="user.script" value=""/>
    <property name="sun.management.compiler" value="HotSpot 64-Bit Tiered Compilers"/>
    <property name="java.runtime.version" value="13.0.2+8"/>
    <property name="user.name" value="MathiasLerkenfeltBru"/>
    <property name="path.separator" value=";"/>
    <property name="os.version" value="10.0"/>
    <property name="java.runtime.name" value="OpenJDK Runtime Environment"/>
    <property name="file.encoding" value="Cp1252"/>
    <property name="java.vm.name" value="OpenJDK 64-Bit Server VM"/>
    <property name="localRepository" value="C:\Users\MathiasLerkenfeltBru\.m2\repository"/>
    <property name="java.vendor.url.bug" value="https://bugreport.java.com/bugreport/"/>
    <property name="java.io.tmpdir" value="C:\Users\MATHIA~1\AppData\Local\Temp\"/>
    <property name="java.version" value="13.0.2"/>
    <property name="user.dir" value="C:\Users\MathiasLerkenfeltBru\OneDrive - ME Production\Privat\Projects\NetworkTool"/>
    <property name="os.arch" value="amd64"/>
    <property name="java.vm.specification.name" value="Java Virtual Machine Specification"/>
    <property name="user.language.format" value="da"/>
    <property name="sun.os.patch.level" value=""/>
    <property name="java.library.path" value="C:\Users\MathiasLerkenfeltBru\Documents\jdk-13.0.2\bin;C:\Windows\Sun\Java\bin;C:\Windows\system32;C:\Windows;C:\Users\MathiasLerkenfeltBru\Documents\jdk-13.0.2\bin;C:\Program Files\Pico Technology\SDK\lib\;C:\Windows\system32;C:\Windows;C:\Windows\System32\Wbem;C:\Windows\System32\WindowsPowerShell\v1.0\;C:\Windows\System32\OpenSSH\;C:\Program Files\Intel\WiFi\bin\;C:\Program Files\Common Files\Intel\WirelessCommon\;C:\Program Files\TortoiseSVN\bin;C:\Program Files\Microsoft SQL Server\130\Tools\Binn\;C:\Program Files (x86)\Pico Technology\PicoScope6\;C:\Program Files\Git\cmd;C:\Program Files\dotnet\;C:\Program Files\NVIDIA Corporation\NVIDIA NvDLISR;C:\Program Files\SourceGear\Common\DiffMerge\;C:\Users\MathiasLerkenfeltBru\Documents\jdk-13.0.2\bin;C:\Program Files\apache-maven-3.6.3\bin;C:\Users\MathiasLerkenfeltBru\AppData\Local\Microsoft\WindowsApps;C:\Users\MathiasLerkenfeltBru\AppData\Local\Programs\Microsoft VS Code\bin;C:\intelFPGA_lite\18.1\modelsim_ase\win32aloem;C:\texlive\2019\bin\win32;C:\Users\MathiasLerkenfeltBru\AppData\Local\GitHubDesktop\bin;."/>
    <property name="java.vm.info" value="mixed mode, sharing"/>
    <property name="java.vendor" value="Oracle Corporation"/>
    <property name="java.vm.version" value="13.0.2+8"/>
    <property name="sun.io.unicode.encoding" value="UnicodeLittle"/>
    <property name="java.class.version" value="57.0"/>
  </properties>
  <testcase name="shouldAnswerWithTrue" classname="org.mlb.NetworkTool.AppTest" time="0.001"/>
</testsuite>